
重新启动nginx
重新启动nginx
[info]20200417重新启动nginx
[info]2020-04-17 43:21:02:重新启动nginx
[info]2020-04-17 15:22:09:重新启动nginx
[info]2020-04-17 16:07:38:停止服务nginx...
[info]2020-04-17 16:08:09:停止服务nginx...
[info]2020-04-17 16:10:03:停止服务nginx...
[info]2020-04-17 16:34:24:停止服务nginx...
[info]2020-04-17 16:34:32:停止服务nginx...
[info]2020-04-17 16:34:40:停止服务nginx...
[info]2020-04-17 16:38:33:启动服务nginx...启动是否有错误exit status 1
[info]2020-04-17 16:38:33:启动服务nginx...启动是否有错误exit status 1
[info]2020-04-17 16:38:41:启动服务nginx...启动是否有错误exit status 1
[info]2020-04-17 16:38:41:启动服务nginx...启动是否有错误exit status 1
[info]2020-04-17 16:38:50:启动服务nginx...启动是否有错误exit status 1
[info]2020-04-17 16:38:50:启动服务nginx...启动是否有错误exit status 1
[info]2020-04-17 16:38:58:启动服务nginx...启动是否有错误exit status 1
[info]2020-04-17 16:38:58:启动服务nginx...启动是否有错误exit status 1
[info]2020-04-17 16:39:06:启动服务nginx...启动是否有错误exit status 1
[info]2020-04-17 16:39:06:启动服务nginx...启动是否有错误exit status 1
[info]2020-04-17 16:39:14:启动服务nginx...启动是否有错误exit status 1
[info]2020-04-17 16:39:14:启动服务nginx...启动是否有错误exit status 1